<?xml version="1.0" encoding="UTF-8"?>
<testsuite xmlns:xsi="http://www.w3.org/2001/XMLSchema-instance" xsi:noNamespaceSchemaLocation="https://maven.apache.org/surefire/maven-surefire-plugin/xsd/surefire-test-report-3.0.xsd" version="3.0" name="com.ticketbooking.ticketBooking.ControllerTest.TestCases" time="14.246" tests="5" errors="0" skipped="0" failures="0">
  <properties>
[...]
</properties>
  <testcase name="getUsersBySection" classname="com.ticketbooking.ticketBooking.ControllerTest.TestCases" time="0.259">
    <system-out><![CDATA[22:47:25.613 [main] DEBUG org.springframework.test.context.BootstrapUtils - Instantiating CacheAwareContextLoaderDelegate from class [org.springframework.test.context.cache.DefaultCacheAwareContextLoaderDelegate]
22:47:25.686 [main] DEBUG org.springframework.test.context.BootstrapUtils - Instantiating BootstrapContext using constructor [public org.springframework.test.context.support.DefaultBootstrapContext(java.lang.Class,org.springframework.test.context.CacheAwareContextLoaderDelegate)]
22:47:25.997 [main] DEBUG org.springframework.test.context.BootstrapUtils - Instantiating TestContextBootstrapper for test class [com.ticketbooking.ticketBooking.ControllerTest.TestCases] from class [org.springframework.boot.test.autoconfigure.web.servlet.WebMvcTestContextBootstrapper]
22:47:26.092 [main] INFO org.springframework.boot.test.autoconfigure.web.servlet.WebMvcTestContextBootstrapper - Neither @ContextConfiguration nor @ContextHierarchy found for test class [com.ticketbooking.ticketBooking.ControllerTest.TestCases], using SpringBootContextLoader
22:47:26.136 [main] DEBUG org.springframework.test.context.support.AbstractContextLoader - Did not detect default resource location for test class [com.ticketbooking.ticketBooking.ControllerTest.TestCases]: class path resource [com/ticketbooking/ticketBooking/ControllerTest/TestCases-context.xml] does not exist
22:47:26.137 [main] DEBUG org.springframework.test.context.support.AbstractContextLoader - Did not detect default resource location for test class [com.ticketbooking.ticketBooking.ControllerTest.TestCases]: class path resource [com/ticketbooking/ticketBooking/ControllerTest/TestCasesContext.groovy] does not exist
22:47:26.138 [main] INFO org.springframework.test.context.support.AbstractContextLoader - Could not detect default resource locations for test class [com.ticketbooking.ticketBooking.ControllerTest.TestCases]: no resource found for suffixes {-context.xml, Context.groovy}.
22:47:26.142 [main] INFO org.springframework.test.context.support.AnnotationConfigContextLoaderUtils - Could not detect default configuration classes for test class [com.ticketbooking.ticketBooking.ControllerTest.TestCases]: TestCases does not declare any static, non-private, non-final, nested classes annotated with @Configuration.
22:47:26.677 [main] DEBUG org.springframework.test.context.support.ActiveProfilesUtils - Could not find an 'annotation declaring class' for annotation type [org.springframework.test.context.ActiveProfiles] and class [com.ticketbooking.ticketBooking.ControllerTest.TestCases]
22:47:27.018 [main] DEBUG org.springframework.context.annotation.ClassPathScanningCandidateComponentProvider - Identified candidate component class: file [C:\Users\Swayam\OneDrive\Desktop\ticketBooking\target\classes\com\ticketbooking\ticketBooking\TicketBookingApplication.class]
22:47:27.020 [main] INFO org.springframework.boot.test.context.SpringBootTestContextBootstrapper - Found @SpringBootConfiguration com.ticketbooking.ticketBooking.TicketBookingApplication for test class com.ticketbooking.ticketBooking.ControllerTest.TestCases
22:47:27.033 [main] DEBUG org.springframework.boot.test.autoconfigure.web.servlet.WebMvcTestContextBootstrapper - @TestExecutionListeners is not present for class [com.ticketbooking.ticketBooking.ControllerTest.TestCases]: using defaults.
22:47:27.035 [main] INFO org.springframework.boot.test.autoconfigure.web.servlet.WebMvcTestContextBootstrapper - Loaded default TestExecutionListener class names from location [META-INF/spring.factories]: [org.springframework.boot.test.mock.mockito.MockitoTestExecutionListener, org.springframework.boot.test.mock.mockito.ResetMocksTestExecutionListener, org.springframework.boot.test.autoconfigure.restdocs.RestDocsTestExecutionListener, org.springframework.boot.test.autoconfigure.web.client.MockRestServiceServerResetTestExecutionListener, org.springframework.boot.test.autoconfigure.web.servlet.MockMvcPrintOnlyOnFailureTestExecutionListener, org.springframework.boot.test.autoconfigure.web.servlet.WebDriverTestExecutionListener, org.springframework.boot.test.autoconfigure.webservices.client.MockWebServiceServerTestExecutionListener, org.springframework.test.context.web.ServletTestExecutionListener, org.springframework.test.context.support.DirtiesContextBeforeModesTestExecutionListener, org.springframework.test.context.event.ApplicationEventsTestExecutionListener, org.springframework.test.context.support.DependencyInjectionTestExecutionListener, org.springframework.test.context.support.DirtiesContextTestExecutionListener, org.springframework.test.context.transaction.TransactionalTestExecutionListener, org.springframework.test.context.jdbc.SqlScriptsTestExecutionListener, org.springframework.test.context.event.EventPublishingTestExecutionListener]
22:47:27.133 [main] DEBUG org.springframework.boot.test.autoconfigure.web.servlet.WebMvcTestContextBootstrapper - Skipping candidate TestExecutionListener [org.springframework.test.context.transaction.TransactionalTestExecutionListener] due to a missing dependency. Specify custom listener classes or make the default listener classes and their required dependencies available. Offending class: [org/springframework/transaction/interceptor/TransactionAttributeSource]
22:47:27.135 [main] DEBUG org.springframework.boot.test.autoconfigure.web.servlet.WebMvcTestContextBootstrapper - Skipping candidate TestExecutionListener [org.springframework.test.context.jdbc.SqlScriptsTestExecutionListener] due to a missing dependency. Specify custom listener classes or make the default listener classes and their required dependencies available. Offending class: [org/springframework/transaction/interceptor/TransactionAttribute]
22:47:27.136 [main] INFO org.springframework.boot.test.autoconfigure.web.servlet.WebMvcTestContextBootstrapper - Using TestExecutionListeners: [org.springframework.test.context.web.ServletTestExecutionListener@33d53216, org.springframework.test.context.support.DirtiesContextBeforeModesTestExecutionListener@69a2b3b6, org.springframework.test.context.event.ApplicationEventsTestExecutionListener@4f3e7344, org.springframework.boot.test.mock.mockito.MockitoTestExecutionListener@7808f638, org.springframework.boot.test.autoconfigure.SpringBootDependencyInjectionTestExecutionListener@62d73ead, org.springframework.test.context.support.DirtiesContextTestExecutionListener@1e141e42, org.springframework.test.context.event.EventPublishingTestExecutionListener@228cea97, org.springframework.boot.test.mock.mockito.ResetMocksTestExecutionListener@1d0a61c8, org.springframework.boot.test.autoconfigure.restdocs.RestDocsTestExecutionListener@46731692, org.springframework.boot.test.autoconfigure.web.client.MockRestServiceServerResetTestExecutionListener@782bf610, org.springframework.boot.test.autoconfigure.web.servlet.MockMvcPrintOnlyOnFailureTestExecutionListener@3db663d0, org.springframework.boot.test.autoconfigure.web.servlet.WebDriverTestExecutionListener@73fc518f, org.springframework.boot.test.autoconfigure.webservices.client.MockWebServiceServerTestExecutionListener@2de50ee4]
22:47:27.153 [main] DEBUG org.springframework.test.context.support.AbstractDirtiesContextTestExecutionListener - Before test class: context [DefaultTestContext@4893b344 testClass = TestCases, testInstance = [null], testMethod = [null], testException = [null], mergedContextConfiguration = [WebMergedContextConfiguration@53a665ad testClass = TestCases, locations = '{}', classes = '{class com.ticketbooking.ticketBooking.TicketBookingApplication}', contextInitializerClasses = '[]', activeProfiles = '{}', propertySourceLocations = '{}', propertySourceProperties = '{org.springframework.boot.test.autoconfigure.web.servlet.WebMvcTestContextBootstrapper=true}', contextCustomizers = set[[ImportsContextCustomizer@2c0b4c83 key = [org.springframework.boot.autoconfigure.cache.CacheAutoConfiguration, org.springframework.boot.autoconfigure.context.MessageSourceAutoConfiguration, org.springframework.boot.autoconfigure.data.web.SpringDataWebAutoConfiguration, org.springframework.boot.autoconfigure.freemarker.FreeMarkerAutoConfiguration, org.springframework.boot.autoconfigure.groovy.template.GroovyTemplateAutoConfiguration, org.springframework.boot.autoconfigure.gson.GsonAutoConfiguration, org.springframework.boot.autoconfigure.hateoas.HypermediaAutoConfiguration, org.springframework.boot.autoconfigure.http.HttpMessageConvertersAutoConfiguration, org.springframework.boot.autoconfigure.jackson.JacksonAutoConfiguration, org.springframework.boot.autoconfigure.jsonb.JsonbAutoConfiguration, org.springframework.boot.autoconfigure.mustache.MustacheAutoConfiguration, org.springframework.boot.autoconfigure.task.TaskExecutionAutoConfiguration, org.springframework.boot.autoconfigure.thymeleaf.ThymeleafAutoConfiguration, org.springframework.boot.autoconfigure.validation.ValidationAutoConfiguration, org.springframework.boot.autoconfigure.web.servlet.error.ErrorMvcAutoConfiguration, org.springframework.boot.autoconfigure.web.servlet.HttpEncodingAutoConfiguration, org.springframework.boot.autoconfigure.web.servlet.WebMvcAutoConfiguration, org.springframework.boot.test.autoconfigure.web.servlet.MockMvcAutoConfiguration, org.springframework.boot.test.autoconfigure.web.servlet.MockMvcWebClientAutoConfiguration, org.springframework.boot.test.autoconfigure.web.servlet.MockMvcWebDriverAutoConfiguration, org.springframework.boot.autoconfigure.security.oauth2.client.servlet.OAuth2ClientAutoConfiguration, org.springframework.boot.autoconfigure.security.oauth2.resource.servlet.OAuth2ResourceServerAutoConfiguration, org.springframework.boot.autoconfigure.security.servlet.SecurityAutoConfiguration, org.springframework.boot.autoconfigure.security.servlet.SecurityFilterAutoConfiguration, org.springframework.boot.autoconfigure.security.servlet.UserDetailsServiceAutoConfiguration, org.springframework.boot.test.autoconfigure.web.servlet.MockMvcSecurityConfiguration, org.springframework.boot.test.autoconfigure.web.reactive.WebTestClientAutoConfiguration]], org.springframework.boot.test.context.filter.ExcludeFilterContextCustomizer@3e48e859, org.springframework.boot.test.json.DuplicateJsonObjectContextCustomizerFactory$DuplicateJsonObjectContextCustomizer@22d1886d, org.springframework.boot.test.mock.mockito.MockitoContextCustomizer@125ea803, org.springframework.boot.test.autoconfigure.OverrideAutoConfigurationContextCustomizerFactory$DisableAutoConfigurationContextCustomizer@985696, org.springframework.boot.test.autoconfigure.actuate.metrics.MetricsExportContextCustomizerFactory$DisableMetricExportContextCustomizer@10876a6, org.springframework.boot.test.autoconfigure.filter.TypeExcludeFiltersContextCustomizer@740ea484, org.springframework.boot.test.autoconfigure.properties.PropertyMappingContextCustomizer@fdd9506d, org.springframework.boot.test.autoconfigure.web.servlet.WebDriverContextCustomizerFactory$Customizer@b967222, org.springframework.boot.test.context.SpringBootTestArgs@1, org.springframework.boot.test.context.SpringBootTestWebEnvironment@0], resourceBasePath = 'src/main/webapp', contextLoader = 'org.springframework.boot.test.context.SpringBootContextLoader', parent = [null]], attributes = map[[empty]]], class annotated with @DirtiesContext [false] with mode [null].

  .   ____          _            __ _ _
 /\\ / ___'_ __ _ _(_)_ __  __ _ \ \ \ \
( ( )\___ | '_ | '_| | '_ \/ _` | \ \ \ \
 \\/  ___)| |_)| | | | | || (_| |  ) ) ) )
  '  |____| .__|_| |_|_| |_\__, | / / / /
 =========|_|==============|___/=/_/_/_/
 :: Spring Boot ::                (v2.6.5)

2024-02-01 22:47:30.744  INFO 3888 --- [           main] c.t.t.ControllerTest.TestCases           : Starting TestCases using Java 17.0.1 on DESKTOP-5FPOVGT with PID 3888 (started by Swayam in C:\Users\Swayam\OneDrive\Desktop\ticketBooking)
2024-02-01 22:47:30.748  INFO 3888 --- [           main] c.t.t.ControllerTest.TestCases           : No active profile set, falling back to 1 default profile: "default"
2024-02-01 22:47:38.723  INFO 3888 --- [           main] o.s.b.t.m.w.SpringBootMockServletContext : Initializing Spring TestDispatcherServlet ''
2024-02-01 22:47:38.724  INFO 3888 --- [           main] o.s.t.web.servlet.TestDispatcherServlet  : Initializing Servlet ''
2024-02-01 22:47:38.727  INFO 3888 --- [           main] o.s.t.web.servlet.TestDispatcherServlet  : Completed initialization in 3 ms
2024-02-01 22:47:38.825  INFO 3888 --- [           main] c.t.t.ControllerTest.TestCases           : Started TestCases in 11.384 seconds (JVM running for 17.246)
]]></system-out>
  </testcase>
  <testcase name="getTicketDetails" classname="com.ticketbooking.ticketBooking.ControllerTest.TestCases" time="0.016"/>
  <testcase name="modifyUserSeat" classname="com.ticketbooking.ticketBooking.ControllerTest.TestCases" time="0.032"/>
  <testcase name="removeUser" classname="com.ticketbooking.ticketBooking.ControllerTest.TestCases" time="0.016"/>
  <testcase name="purchaseTicket" classname="com.ticketbooking.ticketBooking.ControllerTest.TestCases" time="0.012"/>
</testsuite>