<?xml version="1.0" encoding="UTF-8"?>
<testsuite xmlns:xsi="http://www.w3.org/2001/XMLSchema-instance" xsi:noNamespaceSchemaLocation="https://maven.apache.org/surefire/maven-surefire-plugin/xsd/surefire-test-report-3.0.xsd" version="3.0" name="com.ticketbooking.ticketBooking.ServiceTest.TicketServiceTest" time="3.012" tests="5" errors="1" skipped="0" failures="2">
  <properties>
[...]
</properties>
  <testcase name="getUsersBySection" classname="com.ticketbooking.ticketBooking.ServiceTest.TicketServiceTest" time="0.045">
    <system-out><![CDATA[2024-02-01 22:47:39.260  INFO 3888 --- [           main] .b.t.c.SpringBootTestContextBootstrapper : Neither @ContextConfiguration nor @ContextHierarchy found for test class [com.ticketbooking.ticketBooking.ServiceTest.TicketServiceTest], using SpringBootContextLoader
2024-02-01 22:47:39.262  INFO 3888 --- [           main] o.s.t.c.support.AbstractContextLoader    : Could not detect default resource locations for test class [com.ticketbooking.ticketBooking.ServiceTest.TicketServiceTest]: no resource found for suffixes {-context.xml, Context.groovy}.
2024-02-01 22:47:39.263  INFO 3888 --- [           main] t.c.s.AnnotationConfigContextLoaderUtils : Could not detect default configuration classes for test class [com.ticketbooking.ticketBooking.ServiceTest.TicketServiceTest]: TicketServiceTest does not declare any static, non-private, non-final, nested classes annotated with @Configuration.
2024-02-01 22:47:39.276  INFO 3888 --- [           main] .b.t.c.SpringBootTestContextBootstrapper : Found @SpringBootConfiguration com.ticketbooking.ticketBooking.TicketBookingApplication for test class com.ticketbooking.ticketBooking.ServiceTest.TicketServiceTest
2024-02-01 22:47:39.293  INFO 3888 --- [           main] .b.t.c.SpringBootTestContextBootstrapper : Loaded default TestExecutionListener class names from location [META-INF/spring.factories]: [org.springframework.boot.test.mock.mockito.MockitoTestExecutionListener, org.springframework.boot.test.mock.mockito.ResetMocksTestExecutionListener, org.springframework.boot.test.autoconfigure.restdocs.RestDocsTestExecutionListener, org.springframework.boot.test.autoconfigure.web.client.MockRestServiceServerResetTestExecutionListener, org.springframework.boot.test.autoconfigure.web.servlet.MockMvcPrintOnlyOnFailureTestExecutionListener, org.springframework.boot.test.autoconfigure.web.servlet.WebDriverTestExecutionListener, org.springframework.boot.test.autoconfigure.webservices.client.MockWebServiceServerTestExecutionListener, org.springframework.test.context.web.ServletTestExecutionListener, org.springframework.test.context.support.DirtiesContextBeforeModesTestExecutionListener, org.springframework.test.context.event.ApplicationEventsTestExecutionListener, org.springframework.test.context.support.DependencyInjectionTestExecutionListener, org.springframework.test.context.support.DirtiesContextTestExecutionListener, org.springframework.test.context.transaction.TransactionalTestExecutionListener, org.springframework.test.context.jdbc.SqlScriptsTestExecutionListener, org.springframework.test.context.event.EventPublishingTestExecutionListener]
2024-02-01 22:47:39.295  INFO 3888 --- [           main] .b.t.c.SpringBootTestContextBootstrapper : Using TestExecutionListeners: [org.springframework.test.context.web.ServletTestExecutionListener@4f5d587c, org.springframework.test.context.support.DirtiesContextBeforeModesTestExecutionListener@138a51d5, org.springframework.test.context.event.ApplicationEventsTestExecutionListener@413a2520, org.springframework.boot.test.mock.mockito.MockitoTestExecutionListener@39d62e47, org.springframework.boot.test.autoconfigure.SpringBootDependencyInjectionTestExecutionListener@1ced1fb9, org.springframework.test.context.support.DirtiesContextTestExecutionListener@5d28e108, org.springframework.test.context.event.EventPublishingTestExecutionListener@4d2bcca8, org.springframework.boot.test.mock.mockito.ResetMocksTestExecutionListener@4587675c, org.springframework.boot.test.autoconfigure.restdocs.RestDocsTestExecutionListener@31e3b882, org.springframework.boot.test.autoconfigure.web.client.MockRestServiceServerResetTestExecutionListener@2b592f17, org.springframework.boot.test.autoconfigure.web.servlet.MockMvcPrintOnlyOnFailureTestExecutionListener@3884e858, org.springframework.boot.test.autoconfigure.web.servlet.WebDriverTestExecutionListener@46c7c593, org.springframework.boot.test.autoconfigure.webservices.client.MockWebServiceServerTestExecutionListener@6a4c4261]

  .   ____          _            __ _ _
 /\\ / ___'_ __ _ _(_)_ __  __ _ \ \ \ \
( ( )\___ | '_ | '_| | '_ \/ _` | \ \ \ \
 \\/  ___)| |_)| | | | | || (_| |  ) ) ) )
  '  |____| .__|_| |_|_| |_\__, | / / / /
 =========|_|==============|___/=/_/_/_/
 :: Spring Boot ::                (v2.6.5)

2024-02-01 22:47:39.405  INFO 3888 --- [           main] c.t.t.ServiceTest.TicketServiceTest      : Starting TicketServiceTest using Java 17.0.1 on DESKTOP-5FPOVGT with PID 3888 (started by Swayam in C:\Users\Swayam\OneDrive\Desktop\ticketBooking)
2024-02-01 22:47:39.405  INFO 3888 --- [           main] c.t.t.ServiceTest.TicketServiceTest      : No active profile set, falling back to 1 default profile: "default"
2024-02-01 22:47:41.763  INFO 3888 --- [           main] c.t.t.ServiceTest.TicketServiceTest      : Started TicketServiceTest in 2.462 seconds (JVM running for 20.184)
]]></system-out>
  </testcase>
  <testcase name="getTicketDetails" classname="com.ticketbooking.ticketBooking.ServiceTest.TicketServiceTest" time="0.013"/>
  <testcase name="modifyUserSeat" classname="com.ticketbooking.ticketBooking.ServiceTest.TicketServiceTest" time="0.021">
    <failure type="org.opentest4j.AssertionFailedError"><![CDATA[org.opentest4j.AssertionFailedError: expected: <B> but was: <A>
	at com.ticketbooking.ticketBooking.ServiceTest.TicketServiceTest.modifyUserSeat(TicketServiceTest.java:83)
]]></failure>
  </testcase>
  <testcase name="removeUser" classname="com.ticketbooking.ticketBooking.ServiceTest.TicketServiceTest" time="0.049">
    <failure type="org.mockito.exceptions.verification.WantedButNotInvoked"><![CDATA[org.mockito.exceptions.verification.WantedButNotInvoked: 

Wanted but not invoked:
ticketsMock.remove("snehal@gmail.com");
-> at com.ticketbooking.ticketBooking.ServiceTest.TicketServiceTest.removeUser(TicketServiceTest.java:71)
Actually, there were zero interactions with this mock.

	at com.ticketbooking.ticketBooking.ServiceTest.TicketServiceTest.removeUser(TicketServiceTest.java:71)
]]></failure>
  </testcase>
  <testcase name="purchaseTicket" classname="com.ticketbooking.ticketBooking.ServiceTest.TicketServiceTest" time="0.013">
    <error type="java.lang.NullPointerException"><![CDATA[java.lang.NullPointerException
	at com.ticketbooking.ticketBooking.ServiceTest.TicketServiceTest.purchaseTicket(TicketServiceTest.java:36)
]]></error>
  </testcase>
</testsuite>